I, [2014-01-21T13:18:46.029935 #13685]  INFO -- : Migrating to CreateArticle (20130730133945)
I, [2014-01-21T13:18:46.404066 #13685]  INFO -- : Migrating to CreateCollections (20130730153645)
I, [2014-01-21T13:18:47.033904 #13685]  INFO -- : Migrating to DeviseCreateAdminUsers (20130731140000)
I, [2014-01-21T13:18:47.739162 #13685]  INFO -- : Migrating to CreateActiveAdminComments (20130731140003)
I, [2014-01-21T13:18:48.370730 #13685]  INFO -- : Migrating to ActsAsTaggableOnMigration (20130731161805)
I, [2014-01-21T13:18:49.083658 #13685]  INFO -- : Migrating to DeviseCreateUsers (20130801144140)
I, [2014-01-21T13:18:49.597089 #13685]  INFO -- : Migrating to CreateInvites (20130801182830)
I, [2014-01-21T13:18:49.714684 #13685]  INFO -- : Migrating to AddUserIdToCollections (20130801184537)
I, [2014-01-21T13:18:50.033177 #13685]  INFO -- : Migrating to CreateInterests (20130802145044)
I, [2014-01-21T13:18:50.192445 #13685]  INFO -- : Migrating to CreateInterestsUsers (20130802152325)
I, [2014-01-21T13:18:50.714393 #13685]  INFO -- : Migrating to AddAcceptsTosToUser (20130802182026)
I, [2014-01-21T13:18:50.932892 #13685]  INFO -- : Migrating to AddFirstNameLastNameToUsers (20130805154722)
I, [2014-01-21T13:18:51.436420 #13685]  INFO -- : Migrating to AddRawArticleToArticles (20130807145906)
I, [2014-01-21T13:18:51.664613 #13685]  INFO -- : Migrating to AddFeaturedImageToArticles (20130807154251)
I, [2014-01-21T13:18:51.883123 #13685]  INFO -- : Migrating to AddViewCountToArticles (20130809202428)
I, [2014-01-21T13:18:52.160114 #13685]  INFO -- : Migrating to AddProviderNameToArticles (20130812142954)
I, [2014-01-21T13:18:52.370346 #13685]  INFO -- : Migrating to AddProviderUrlToArticles (20130812144901)
I, [2014-01-21T13:18:52.672218 #13685]  INFO -- : Migrating to AddMediaUrlToArticles (20130812182637)
I, [2014-01-21T13:18:52.958694 #13685]  INFO -- : Migrating to AddTypeToArticles (20130812183111)
I, [2014-01-21T13:18:53.210477 #13685]  INFO -- : Migrating to AddProviderDisplayToArticles (20130813142021)
I, [2014-01-21T13:18:53.470853 #13685]  INFO -- : Migrating to CreateUploadedFiles (20130813204803)
I, [2014-01-21T13:18:53.638583 #13685]  INFO -- : Migrating to AddUploadToUploadedFiles (20130813205011)
I, [2014-01-21T13:18:54.498013 #13685]  INFO -- : Migrating to RenameUploadedFilestoHostedFiles (20130814133325)
I, [2014-01-21T13:18:54.690058 #13685]  INFO -- : Migrating to ChangeArticlesForUrls (20130816144307)
I, [2014-01-21T13:18:58.554776 #13685]  INFO -- : Migrating to CreateUrls (20130816145206)
I, [2014-01-21T13:18:58.714016 #13685]  INFO -- : Migrating to RenameUrlstoContentSources (20130819132204)
I, [2014-01-21T13:18:59.091430 #13685]  INFO -- : Migrating to AddTitleAndDescriptionToContentSources (20130819181652)
I, [2014-01-21T13:18:59.546417 #13685]  INFO -- : Migrating to CreateWorkrSettings (20130823191638)
I, [2014-01-21T13:18:59.664094 #13685]  INFO -- : Migrating to AddIndexes (20130828132408)
I, [2014-01-21T13:19:00.387957 #13685]  INFO -- : Migrating to AddContentTypeToContentSource (20130830181946)
I, [2014-01-21T13:19:00.714838 #13685]  INFO -- : Migrating to CreateViewedArticlesTable (20131001133722)
I, [2014-01-21T13:19:01.544326 #13685]  INFO -- : Migrating to CreateArticleRatings (20131004161731)
I, [2014-01-21T13:19:01.729482 #13685]  INFO -- : Migrating to RenameArticleRatingsToRatings (20131004175754)
I, [2014-01-21T13:19:01.905025 #13685]  INFO -- : Migrating to CreateFlagsTable (20131008124143)
I, [2014-01-21T13:19:02.442080 #13685]  INFO -- : Migrating to CreateRelationships (20131010190457)
I, [2014-01-21T13:19:03.497748 #13685]  INFO -- : Migrating to AddAvatarToUser (20131016162332)
I, [2014-01-21T13:19:05.012088 #13685]  INFO -- : Migrating to Update (20131017180342)
I, [2014-01-21T13:19:05.349059 #13685]  INFO -- : Migrating to AddColumnsToUsers (20131018193735)
I, [2014-01-21T13:19:06.045809 #13685]  INFO -- : Migrating to IncreaseContentSizeOnContentSources (20131022195010)
